<?xml version="1.0" encoding="UTF-8"?>
<testsuite xmlns:xsi="http://www.w3.org/2001/XMLSchema-instance" xsi:noNamespaceSchemaLocation="https://maven.apache.org/surefire/maven-surefire-plugin/xsd/surefire-test-report.xsd" name="autoapp.automation.runner.TestRunner" time="59.203" tests="18" errors="0" skipped="0" failures="0">
  <properties>
[...]
</properties>
  <testcase name="Given Automation practice application is opened" classname="Scenario: Validate Mega menu is accessible" time="0.001"/>
  <testcase name="Then user checks megamenu is displayed and clickable" classname="Scenario: Validate Mega menu is accessible" time="0"/>
  <testcase name="When user select dresses" classname="Scenario: Validate Mega menu is accessible" time="0"/>
  <testcase name="Then user navigates to summerDresses menu" classname="Scenario: Validate Mega menu is accessible" time="0"/>
  <testcase name="And user should be in summerDresses page" classname="Scenario: Validate Mega menu is accessible" time="0"/>
  <testcase name="Then verify the page title" classname="Scenario: Validate Mega menu is accessible" time="0"/>
  <testcase name="Scenario: Validate Mega menu is accessible" classname="Scenario: Validate Mega menu is accessible" time="0.083"/>
  <testcase name="Given Automation practice application is opened" classname="Scenario: Validate user is able to register" time="0"/>
  <testcase name="When I click sign in" classname="Scenario: Validate user is able to register" time="0"/>
  <testcase name="And I create account with emailid &quot;testRandom@testauto.com&quot;" classname="Scenario: Validate user is able to register" time="0.001"/>
  <testcase name="Then I should be able to register with my below details" classname="Scenario: Validate user is able to register" time="0"/>
  <testcase name="Scenario: Validate user is able to register" classname="Scenario: Validate user is able to register" time="0.077"/>
  <testcase name="Given Automation practice application is opened" classname="Scenario: Validate incorrect email error message" time="0"/>
  <testcase name="When I click sign in" classname="Scenario: Validate incorrect email error message" time="0"/>
  <testcase name="And I create account with emailid &quot;testRandom@testauto&quot;" classname="Scenario: Validate incorrect email error message" time="0"/>
  <testcase name="Then I should get invalid email error message" classname="Scenario: Validate incorrect email error message" time="0"/>
  <testcase name="Then I should be able to see error message displayed" classname="Scenario: Validate incorrect email error message" time="0"/>
  <testcase name="Scenario: Validate incorrect email error message" classname="Scenario: Validate incorrect email error message" time="0.075"/>
</testsuite>